[06/15/26 09:38:31] info     ================= cer started =================
[06/15/26 09:38:31] info     C:\Users\sunda\OneDrive\Desktop\AutoCAD\AutoCAD 2027\cer.dll, 7.2.4+20251128.8f05bb68.927
[06/15/26 09:38:31] info     Setting key SP/SDK_VERSION, value 7.2.4+20251128.8f05bb68.927 (maxCount 1)
[06/15/26 09:38:31] info     Setting key SP/PRODUCT_NAME_HASH, value 0758b7a89e65f520439369f56096313a09cbc082 (maxCount 1)
[06/15/26 09:38:31] info     Setting key SP/RUNTIME_ARCH, value 1 (maxCount 1)
[06/15/26 09:38:31] info     Set senddmp exe path to C:\Users\sunda\OneDrive\Desktop\AutoCAD\AutoCAD 2027\CER\senddmp.exe
[06/15/26 09:38:31] info     The cer_service exe C:\Users\sunda\OneDrive\Desktop\AutoCAD\AutoCAD 2027\CER\service\cer_service.exe is not in folder C:\Users\sunda\OneDrive\Desktop\AutoCAD\AutoCAD 2027\CER\, it's not a sandbox
[06/15/26 09:38:31] info     Set upi exe path to C:\Users\sunda\OneDrive\Desktop\AutoCAD\AutoCAD 2027\CER\upi.exe
[06/15/26 09:38:31] info     launching C:\Users\sunda\OneDrive\Desktop\AutoCAD\AutoCAD 2027\CER\upi.exe --cmd=get-device-id C:\Users\sunda\AppData\Local\Temp\15FCE767F24F74D1\Temp\upi_deviceid2
[06/15/26 09:38:31] info     Set deviceID2 to 1383A8303155A45DDC20672DDB397B533CA8FA2AE0AB2142ECA71AFF757AA2CE&364560AA8F4FA2984034D285535F289EBDAE137C9ACABD43DC5703D044A64560&E013409214A3EEBCBFFE74328D6895E586F9DAEC3DDE3E29B34DDC839D5D678C
[06/15/26 09:38:31] info     Setting key SP/DEVICEID2, value 1383A8303155A45DDC20672DDB397B533CA8FA2AE0AB2142ECA71AFF757AA2CE&364560AA8F4FA2984034D285535F289EBDAE137C9ACABD43DC5703D044A64560&E013409214A3EEBCBFFE74328D6895E586F9DAEC3DDE3E29B34DDC839D5D678C (maxCount 1)
[06/15/26 09:38:31] info     Setting key SP/UUID, value 0758b7a89e65f520439369f56096313a09cbc0821383A8303155A45DDC20672DDB397B533CA8FA2AE0AB2142ECA71AFF757AA2CE&364560AA8F4FA2984034D285535F289EBDAE137C9ACABD43DC5703D044A64560&E013409214A3EEBCBFFE74328D6895E586F9DAEC3DDE3E29B34DDC839D5D678C (maxCount 1)
[06/15/26 09:38:31] info     Set senddmp exe path to C:\Users\sunda\OneDrive\Desktop\AutoCAD\AutoCAD 2027\CER\senddmp.exe
[06/15/26 09:38:31] info     The cer_service exe C:\Users\sunda\OneDrive\Desktop\AutoCAD\AutoCAD 2027\CER\service\cer_service.exe is not in folder C:\Users\sunda\OneDrive\Desktop\AutoCAD\AutoCAD 2027\CER\, it's not a sandbox
[06/15/26 09:38:31] info     launching C:\Users\sunda\OneDrive\Desktop\AutoCAD\AutoCAD 2027\CER\upi.exe "C:\Users\sunda\OneDrive\Desktop\AutoCAD\AutoCAD 2027\en-US\UPI\upiconfig.xml" C:\Users\sunda\AppData\Local\Temp\15FCE767F24F74D1\Temp\upi_info.xml
[06/15/26 09:38:31] info     Setting key SP/UPI_PRODUCT, value ACD (maxCount 1)
[06/15/26 09:38:31] info     Setting key SP/UPI_RELEASE, value 2027 (maxCount 1)
[06/15/26 09:38:31] info     Setting key SP/UPI_MASTER, value {28B89EEF-A101-0409-2102-CF3F3A09B77D} (maxCount 1)
[06/15/26 09:38:31] info     Setting key SP/UPI_BUILD, value 26.0.60.0.0 (maxCount 1)
[06/15/26 09:38:31] info     Setting key SP/UPI_FULL_XML, value <?xml version="1.0"?><upipackage><upivalue version="1.0" type="product" requestingapp="true"><level name="productline" id="ACD"><level name="release" id="2027"><level name="master" id="{28B89EEF-A101-0409-2102-CF3F3A09B77D}"><level name="build" id="26.0.60.0.0"/></level></level></level></upivalue>
<upivalue version="1.0" type="product"><level name="productline" id="ACD"><level name="release" id="2027"><level name="master" id="{28B89EEF-A101-0000-0102-CF3F3A09B77D}"><level name="build" id="26.0.60.0.0"/></level></level></level></upivalue>
<upivalue version="1.0" type="product"><level name="productline" id="ACD"><level name="release" id="2027"><level name="master" id="{28B89EEF-A101-0409-1102-CF3F3A09B77D}"><level name="build" id="26.0.60.0.0"/></level></level></level></upivalue>
<upivalue version="1.0" type="product"><level name="productline" id="ARCHDESK"><level name="release" id="2027"><level name="master" id="{28B89EEE-A104-0000-5102-CF3F3A09B77D}"><level name="build" id="8.9.46.0"/></level></level></level></upivalue>
</upipackage> (maxCount 1)
[06/15/26 09:38:31] info     set legacy options: /APPICON "C:\Users\sunda\OneDrive\Desktop\AutoCAD\AutoCAD 2027\AcBrandRes.dll" /APPICONID 1
[06/15/26 09:38:31] info     Setting key RP/AppIcon, value C:\Users\sunda\OneDrive\Desktop\AutoCAD\AutoCAD 2027\AcBrandRes.dll (maxCount 1)
[06/15/26 09:38:31] info     Setting key RP/AppIconId, value 1 (maxCount 1)
[06/15/26 09:38:31] info     Setting key RP/CadSettingsRegPath, value Software\Autodesk\AutoCAD\R26.0\ACAD-A101:409\CadManagerControl\CustomerErrorReport (maxCount 1)
[06/15/26 09:38:31] info     Setting key RP/AppLocaleId, value 1033 (maxCount 1)
[06/15/26 09:38:31] info     Setting key RP/AppXML, value <ProductInformation name ="AutoCAD" build_version="X.60.0.0(x64)" registry_version="26.0" install_id_string="15FCE767F24F74D1" registry_localeID="1033" git_commit_id="90c984aa66a571142ee0757584bac517eec2175a" /> (maxCount 100)
[06/15/26 09:38:31] info     Setting key SP/THEME_TYPE, value Blue (maxCount 1)
[06/15/26 09:38:31] info     Setting key SP/EXCEPTION_INFO_POINTER, value 140722354881816 (maxCount 1)
[06/15/26 09:38:31] info     Setting key SP/THREAD_ID, value 4294967295 (maxCount 1)
[06/15/26 09:38:31] info     Get key SP/THREAD_ID, index 0: "4294967295"
[06/15/26 09:38:31] info     Setting key SP/WER, value 0 (maxCount 1)
[06/15/26 09:38:31] info     Get key SP/WER, index 0: "0"
[06/15/26 09:38:31] info     Registered C:\Users\sunda\OneDrive\Desktop\AutoCAD\AutoCAD 2027\cer.dll as WER runtime exception module
[06/15/26 09:38:31] info     Current ErrorMode is 32769
[06/15/26 09:38:31] debug    Receiver ping: pong
[06/15/26 09:38:41] debug    Receiver ping: pong
